<?xml version="1.0" encoding="UTF-8"?>
<!-- Generated by org.testng.reporters.JUnitXMLReporter -->
<testsuite ignored="0" hostname="DESKTOP-5C82T7M" failures="0" tests="4" name="Default test" time="0.159" errors="0" timestamp="2024-01-28T10:58:59 IST">
  <testcase classname="org.caution.E" name="tc21" time="0.019"/>
  <testcase classname="org.caution.E" name="tc22" time="0.006"/>
  <testcase classname="org.caution.E" name="tc23" time="0.01"/>
  <testcase classname="org.caution.E" name="tc24" time="0.011"/>
</testsuite> <!-- Default test -->
