<?xml version="1.0" encoding="UTF-8"?>
<!-- Generated by org.testng.reporters.JUnitXMLReporter -->
<testsuite ignored="0" hostname="DESKTOP-5C82T7M" failures="0" tests="13" name="Test" time="0.154" errors="0" timestamp="2024-01-28T11:01:42 IST">
  <testcase classname="org.caution.Current" name="tc1" time="0.008"/>
  <testcase classname="org.caution.Current" name="tc2" time="0.002"/>
  <testcase classname="org.caution.Current" name="tc4" time="0.002"/>
  <testcase classname="org.caution.Current" name="tc6" time="0.003"/>
  <testcase classname="org.caution.E" name="tc21" time="0.006"/>
  <testcase classname="org.caution.E" name="tc22" time="0.002"/>
  <testcase classname="org.caution.E" name="tc23" time="0.006"/>
  <testcase classname="org.caution.E" name="tc24" time="0.003"/>
  <testcase classname="org.caution.D" name="tc11" time="0.009"/>
  <testcase classname="org.caution.D" name="tc12" time="0.001"/>
  <testcase classname="org.caution.D" name="tc13" time="0.002"/>
  <testcase classname="org.caution.D" name="tc14" time="0.001"/>
  <testcase classname="org.caution.D" name="tc15" time="0.001"/>
</testsuite> <!-- Test -->
