<?xml version="1.0" encoding="UTF-8"?>
<testng-results ignored="0" total="13" passed="13" failed="0" skipped="0">
  <reporter-output>
  </reporter-output>
  <suite started-at="2024-01-28T11:01:42 IST" name="Suite" finished-at="2024-01-28T11:01:42 IST" duration-ms="154">
    <groups>
    </groups>
    <test started-at="2024-01-28T11:01:42 IST" name="Test" finished-at="2024-01-28T11:01:42 IST" duration-ms="154">
      <class name="org.caution.D">
        <test-method signature="tc11()[pri:0, instance:org.caution.D@3cebbb30]" started-at="2024-01-28T11:01:42 IST" name="tc11" finished-at="2024-01-28T11:01:42 IST" duration-ms="9" status="PASS">
          <reporter-output>
          </reporter-output>
        </test-method> <!-- tc11 -->
        <test-method signature="tc12()[pri:0, instance:org.caution.D@3cebbb30]" started-at="2024-01-28T11:01:42 IST" name="tc12" finished-at="2024-01-28T11:01:42 IST" duration-ms="1" status="PASS">
          <reporter-output>
          </reporter-output>
        </test-method> <!-- tc12 -->
        <test-method signature="tc13()[pri:0, instance:org.caution.D@3cebbb30]" started-at="2024-01-28T11:01:42 IST" name="tc13" finished-at="2024-01-28T11:01:42 IST" duration-ms="2" status="PASS">
          <reporter-output>
          </reporter-output>
        </test-method> <!-- tc13 -->
        <test-method signature="tc14()[pri:0, instance:org.caution.D@3cebbb30]" started-at="2024-01-28T11:01:42 IST" name="tc14" finished-at="2024-01-28T11:01:42 IST" duration-ms="1" status="PASS">
          <reporter-output>
          </reporter-output>
        </test-method> <!-- tc14 -->
        <test-method signature="tc15()[pri:0, instance:org.caution.D@3cebbb30]" started-at="2024-01-28T11:01:42 IST" name="tc15" finished-at="2024-01-28T11:01:42 IST" duration-ms="1" status="PASS">
          <reporter-output>
          </reporter-output>
        </test-method> <!-- tc15 -->
      </class> <!-- org.caution.D -->
      <class name="org.caution.E">
        <test-method signature="tc21()[pri:0, instance:org.caution.E@1e1a0406]" started-at="2024-01-28T11:01:42 IST" name="tc21" finished-at="2024-01-28T11:01:42 IST" duration-ms="6" status="PASS">
          <reporter-output>
          </reporter-output>
        </test-method> <!-- tc21 -->
        <test-method signature="tc22()[pri:0, instance:org.caution.E@1e1a0406]" started-at="2024-01-28T11:01:42 IST" name="tc22" finished-at="2024-01-28T11:01:42 IST" duration-ms="2" status="PASS">
          <reporter-output>
          </reporter-output>
        </test-method> <!-- tc22 -->
        <test-method signature="tc23()[pri:0, instance:org.caution.E@1e1a0406]" started-at="2024-01-28T11:01:42 IST" name="tc23" finished-at="2024-01-28T11:01:42 IST" duration-ms="6" status="PASS">
          <reporter-output>
          </reporter-output>
        </test-method> <!-- tc23 -->
        <test-method signature="tc24()[pri:0, instance:org.caution.E@1e1a0406]" started-at="2024-01-28T11:01:42 IST" name="tc24" finished-at="2024-01-28T11:01:42 IST" duration-ms="3" status="PASS">
          <reporter-output>
          </reporter-output>
        </test-method> <!-- tc24 -->
      </class> <!-- org.caution.E -->
      <class name="org.caution.Current">
        <test-method is-config="true" signature="launchTheUrl()[pri:0, instance:org.caution.Current@957e06]" started-at="2024-01-28T11:01:42 IST" name="launchTheUrl" finished-at="2024-01-28T11:01:42 IST" duration-ms="8" status="PASS">
          <reporter-output>
          </reporter-output>
        </test-method> <!-- launchTheUrl -->
        <test-method is-config="true" signature="startdate()[pri:0, instance:org.caution.Current@957e06]" started-at="2024-01-28T11:01:42 IST" name="startdate" finished-at="2024-01-28T11:01:42 IST" duration-ms="1" status="PASS">
          <reporter-output>
          </reporter-output>
        </test-method> <!-- startdate -->
        <test-method signature="tc1()[pri:0, instance:org.caution.Current@957e06]" started-at="2024-01-28T11:01:42 IST" name="tc1" finished-at="2024-01-28T11:01:42 IST" duration-ms="8" status="PASS">
          <reporter-output>
          </reporter-output>
        </test-method> <!-- tc1 -->
        <test-method is-config="true" signature="enddate()[pri:0, instance:org.caution.Current@957e06]" started-at="2024-01-28T11:01:42 IST" name="enddate" finished-at="2024-01-28T11:01:42 IST" duration-ms="1" status="PASS">
          <reporter-output>
          </reporter-output>
        </test-method> <!-- enddate -->
        <test-method signature="tc2()[pri:0, instance:org.caution.Current@957e06]" started-at="2024-01-28T11:01:42 IST" name="tc2" finished-at="2024-01-28T11:01:42 IST" duration-ms="2" status="PASS">
          <reporter-output>
          </reporter-output>
        </test-method> <!-- tc2 -->
        <test-method is-config="true" signature="startdate()[pri:0, instance:org.caution.Current@957e06]" started-at="2024-01-28T11:01:42 IST" name="startdate" finished-at="2024-01-28T11:01:42 IST" duration-ms="0" status="PASS">
          <reporter-output>
          </reporter-output>
        </test-method> <!-- startdate -->
        <test-method is-config="true" signature="startdate()[pri:0, instance:org.caution.Current@957e06]" started-at="2024-01-28T11:01:42 IST" name="startdate" finished-at="2024-01-28T11:01:42 IST" duration-ms="1" status="PASS">
          <reporter-output>
          </reporter-output>
        </test-method> <!-- startdate -->
        <test-method is-config="true" signature="enddate()[pri:0, instance:org.caution.Current@957e06]" started-at="2024-01-28T11:01:42 IST" name="enddate" finished-at="2024-01-28T11:01:42 IST" duration-ms="0" status="PASS">
          <reporter-output>
          </reporter-output>
        </test-method> <!-- enddate -->
        <test-method signature="tc4()[pri:0, instance:org.caution.Current@957e06]" started-at="2024-01-28T11:01:42 IST" name="tc4" finished-at="2024-01-28T11:01:42 IST" duration-ms="2" status="PASS">
          <reporter-output>
          </reporter-output>
        </test-method> <!-- tc4 -->
        <test-method is-config="true" signature="enddate()[pri:0, instance:org.caution.Current@957e06]" started-at="2024-01-28T11:01:42 IST" name="enddate" finished-at="2024-01-28T11:01:42 IST" duration-ms="0" status="PASS">
          <reporter-output>
          </reporter-output>
        </test-method> <!-- enddate -->
        <test-method is-config="true" signature="startdate()[pri:0, instance:org.caution.Current@957e06]" started-at="2024-01-28T11:01:42 IST" name="startdate" finished-at="2024-01-28T11:01:42 IST" duration-ms="0" status="PASS">
          <reporter-output>
          </reporter-output>
        </test-method> <!-- startdate -->
        <test-method signature="tc6()[pri:0, instance:org.caution.Current@957e06]" started-at="2024-01-28T11:01:42 IST" name="tc6" finished-at="2024-01-28T11:01:42 IST" duration-ms="3" status="PASS">
          <reporter-output>
          </reporter-output>
        </test-method> <!-- tc6 -->
        <test-method is-config="true" signature="enddate()[pri:0, instance:org.caution.Current@957e06]" started-at="2024-01-28T11:01:42 IST" name="enddate" finished-at="2024-01-28T11:01:42 IST" duration-ms="1" status="PASS">
          <reporter-output>
          </reporter-output>
        </test-method> <!-- enddate -->
        <test-method is-config="true" signature="CloseTheBroeswer()[pri:0, instance:org.caution.Current@957e06]" started-at="2024-01-28T11:01:42 IST" name="CloseTheBroeswer" finished-at="2024-01-28T11:01:42 IST" duration-ms="1" status="PASS">
          <reporter-output>
          </reporter-output>
        </test-method> <!-- CloseTheBroeswer -->
      </class> <!-- org.caution.Current -->
    </test> <!-- Test -->
  </suite> <!-- Suite -->
</testng-results>
